[debug] [2024-01-20T01:06:11.302Z] ----------------------------------------------------------------------
[debug] [2024-01-20T01:06:11.304Z] Command:       C:\Program Files\nodejs\node.exe C:\Users\Kanishka Naik\AppData\Roaming\npm\node_modules\firebase-tools\lib\bin\firebase.js init
[debug] [2024-01-20T01:06:11.304Z] CLI Version:   13.0.3
[debug] [2024-01-20T01:06:11.305Z] Platform:      win32
[debug] [2024-01-20T01:06:11.305Z] Node Version:  v20.9.0
[debug] [2024-01-20T01:06:11.305Z] Time:          Sat Jan 20 2024 06:36:11 GMT+0530 (India Standard Time)
[debug] [2024-01-20T01:06:11.305Z] ----------------------------------------------------------------------
[debug] 
[debug] [2024-01-20T01:06:11.308Z] >>> [apiv2][query] GET https://firebase-public.firebaseio.com/cli.json [none]
[debug] [2024-01-20T01:06:11.388Z] > command requires scopes: ["email","openid","https://www.googleapis.com/auth/cloudplatformprojects.readonly","https://www.googleapis.com/auth/firebase","https://www.googleapis.com/auth/cloud-platform"]
[debug] [2024-01-20T01:06:11.388Z] > authorizing via signed-in user (kanishkabc123@gmail.com)
[info] 
     ######## #### ########  ######## ########     ###     ######  ########
     ##        ##  ##     ## ##       ##     ##  ##   ##  ##       ##
     ######    ##  ########  ######   ########  #########  ######  ######
     ##        ##  ##    ##  ##       ##     ## ##     ##       ## ##
     ##       #### ##     ## ######## ########  ##     ##  ######  ########

You're about to initialize a Firebase project in this directory:

  C:\Kanishka's Workspace\Portfolio\myportfolio

Before we get started, keep in mind:

  * You are currently outside your home directory
  * You are initializing within an existing Firebase project directory

[debug] [2024-01-20T01:06:12.097Z] <<< [apiv2][status] GET https://firebase-public.firebaseio.com/cli.json 200
[debug] [2024-01-20T01:06:12.097Z] <<< [apiv2][body] GET https://firebase-public.firebaseio.com/cli.json {"cloudBuildErrorAfter":1594252800000,"cloudBuildWarnAfter":1590019200000,"defaultNode10After":1594252800000,"minVersion":"3.0.5","node8DeploysDisabledAfter":1613390400000,"node8RuntimeDisabledAfter":1615809600000,"node8WarnAfter":1600128000000}
